â¯ make 2>../make.log 1>&2
make  all-recursive
make[1]: Entering directory '/opt/expat/archive/source/expat-2.2.9'
Making all in lib
make[2]: Entering directory '/opt/expat/archive/source/expat-2.2.9/lib'
/bin/bash ../libtool  --tag=CC   --mode=compile gcc -DHAVE_CONFIG_H -I. -I..   -DHAVE_EXPAT_CONFIG_H  -g -O2 -Wall -Wextra -fexceptions -fno-strict-aliasing -Wmissing-prototypes -Wstrict-prototypes -pedantic -Wduplicated-cond -Wduplicated-branches -Wlogical-op -Wrestrict -Wnull-dereference -Wjump-misses-init -Wdouble-promotion -Wshadow -Wformat=2 -Wmisleading-indentation -fvisibility=hidden -DXML_ENABLE_VISIBILITY=1 -MT xmlparse.lo -MD -MP -MF .deps/xmlparse.Tpo -c -o xmlparse.lo xmlparse.c
libtool: compile:  gcc -DHAVE_CONFIG_H -I. -I.. -DHAVE_EXPAT_CONFIG_H -g -O2 -Wall -Wextra -fexceptions -fno-strict-aliasing -Wmissing-prototypes -Wstrict-prototypes -pedantic -Wduplicated-cond -Wduplicated-branches -Wlogical-op -Wrestrict -Wnull-dereference -Wjump-misses-init -Wdouble-promotion -Wshadow -Wformat=2 -Wmisleading-indentation -fvisibility=hidden -DXML_ENABLE_VISIBILITY=1 -MT xmlparse.lo -MD -MP -MF .deps/xmlparse.Tpo -c xmlparse.c  -fPIC -DPIC -o .libs/xmlparse.o
libtool: compile:  gcc -DHAVE_CONFIG_H -I. -I.. -DHAVE_EXPAT_CONFIG_H -g -O2 -Wall -Wextra -fexceptions -fno-strict-aliasing -Wmissing-prototypes -Wstrict-prototypes -pedantic -Wduplicated-cond -Wduplicated-branches -Wlogical-op -Wrestrict -Wnull-dereference -Wjump-misses-init -Wdouble-promotion -Wshadow -Wformat=2 -Wmisleading-indentation -fvisibility=hidden -DXML_ENABLE_VISIBILITY=1 -MT xmlparse.lo -MD -MP -MF .deps/xmlparse.Tpo -c xmlparse.c -o xmlparse.o >/dev/null 2>&1
mv -f .deps/xmlparse.Tpo .deps/xmlparse.Plo
/bin/bash ../libtool  --tag=CC   --mode=compile gcc -DHAVE_CONFIG_H -I. -I..   -DHAVE_EXPAT_CONFIG_H  -g -O2 -Wall -Wextra -fexceptions -fno-strict-aliasing -Wmissing-prototypes -Wstrict-prototypes -pedantic -Wduplicated-cond -Wduplicated-branches -Wlogical-op -Wrestrict -Wnull-dereference -Wjump-misses-init -Wdouble-promotion -Wshadow -Wformat=2 -Wmisleading-indentation -fvisibility=hidden -DXML_ENABLE_VISIBILITY=1 -MT xmltok.lo -MD -MP -MF .deps/xmltok.Tpo -c -o xmltok.lo xmltok.c
libtool: compile:  gcc -DHAVE_CONFIG_H -I. -I.. -DHAVE_EXPAT_CONFIG_H -g -O2 -Wall -Wextra -fexceptions -fno-strict-aliasing -Wmissing-prototypes -Wstrict-prototypes -pedantic -Wduplicated-cond -Wduplicated-branches -Wlogical-op -Wrestrict -Wnull-dereference -Wjump-misses-init -Wdouble-promotion -Wshadow -Wformat=2 -Wmisleading-indentation -fvisibility=hidden -DXML_ENABLE_VISIBILITY=1 -MT xmltok.lo -MD -MP -MF .deps/xmltok.Tpo -c xmltok.c  -fPIC -DPIC -o .libs/xmltok.o
libtool: compile:  gcc -DHAVE_CONFIG_H -I. -I.. -DHAVE_EXPAT_CONFIG_H -g -O2 -Wall -Wextra -fexceptions -fno-strict-aliasing -Wmissing-prototypes -Wstrict-prototypes -pedantic -Wduplicated-cond -Wduplicated-branches -Wlogical-op -Wrestrict -Wnull-dereference -Wjump-misses-init -Wdouble-promotion -Wshadow -Wformat=2 -Wmisleading-indentation -fvisibility=hidden -DXML_ENABLE_VISIBILITY=1 -MT xmltok.lo -MD -MP -MF .deps/xmltok.Tpo -c xmltok.c -o xmltok.o >/dev/null 2>&1
mv -f .deps/xmltok.Tpo .deps/xmltok.Plo
/bin/bash ../libtool  --tag=CC   --mode=compile gcc -DHAVE_CONFIG_H -I. -I..   -DHAVE_EXPAT_CONFIG_H  -g -O2 -Wall -Wextra -fexceptions -fno-strict-aliasing -Wmissing-prototypes -Wstrict-prototypes -pedantic -Wduplicated-cond -Wduplicated-branches -Wlogical-op -Wrestrict -Wnull-dereference -Wjump-misses-init -Wdouble-promotion -Wshadow -Wformat=2 -Wmisleading-indentation -fvisibility=hidden -DXML_ENABLE_VISIBILITY=1 -MT xmlrole.lo -MD -MP -MF .deps/xmlrole.Tpo -c -o xmlrole.lo xmlrole.c
libtool: compile:  gcc -DHAVE_CONFIG_H -I. -I.. -DHAVE_EXPAT_CONFIG_H -g -O2 -Wall -Wextra -fexceptions -fno-strict-aliasing -Wmissing-prototypes -Wstrict-prototypes -pedantic -Wduplicated-cond -Wduplicated-branches -Wlogical-op -Wrestrict -Wnull-dereference -Wjump-misses-init -Wdouble-promotion -Wshadow -Wformat=2 -Wmisleading-indentation -fvisibility=hidden -DXML_ENABLE_VISIBILITY=1 -MT xmlrole.lo -MD -MP -MF .deps/xmlrole.Tpo -c xmlrole.c  -fPIC -DPIC -o .libs/xmlrole.o
libtool: compile:  gcc -DHAVE_CONFIG_H -I. -I.. -DHAVE_EXPAT_CONFIG_H -g -O2 -Wall -Wextra -fexceptions -fno-strict-aliasing -Wmissing-prototypes -Wstrict-prototypes -pedantic -Wduplicated-cond -Wduplicated-branches -Wlogical-op -Wrestrict -Wnull-dereference -Wjump-misses-init -Wdouble-promotion -Wshadow -Wformat=2 -Wmisleading-indentation -fvisibility=hidden -DXML_ENABLE_VISIBILITY=1 -MT xmlrole.lo -MD -MP -MF .deps/xmlrole.Tpo -c xmlrole.c -o xmlrole.o >/dev/null 2>&1
mv -f .deps/xmlrole.Tpo .deps/xmlrole.Plo
/bin/bash ../libtool  --tag=CC   --mode=link gcc  -g -O2 -Wall -Wextra -fexceptions -fno-strict-aliasing -Wmissing-prototypes -Wstrict-prototypes -pedantic -Wduplicated-cond -Wduplicated-branches -Wlogical-op -Wrestrict -Wnull-dereference -Wjump-misses-init -Wdouble-promotion -Wshadow -Wformat=2 -Wmisleading-indentation -fvisibility=hidden -DXML_ENABLE_VISIBILITY=1 -no-undefined -version-info 7:11:6 -fno-strict-aliasing -o libexpat.la -rpath /opt/expat/lib xmlparse.lo xmltok.lo xmlrole.lo  
libtool: link: gcc -shared  -fPIC -DPIC  .libs/xmlparse.o .libs/xmltok.o .libs/xmlrole.o    -g -O2   -Wl,-soname -Wl,libexpat.so.1 -o .libs/libexpat.so.1.6.11
libtool: link: (cd ".libs" && rm -f "libexpat.so.1" && ln -s "libexpat.so.1.6.11" "libexpat.so.1")
libtool: link: (cd ".libs" && rm -f "libexpat.so" && ln -s "libexpat.so.1.6.11" "libexpat.so")
libtool: link: ar cru .libs/libexpat.a  xmlparse.o xmltok.o xmlrole.o
ar: `u' modifier ignored since `D' is the default (see `U')
libtool: link: ranlib .libs/libexpat.a
libtool: link: ( cd ".libs" && rm -f "libexpat.la" && ln -s "../libexpat.la" "libexpat.la" )
make[2]: Leaving directory '/opt/expat/archive/source/expat-2.2.9/lib'
Making all in examples
make[2]: Entering directory '/opt/expat/archive/source/expat-2.2.9/examples'
gcc -DHAVE_CONFIG_H -I. -I..  -I./../lib -DHAVE_EXPAT_CONFIG_H  -g -O2 -Wall -Wextra -fexceptions -fno-strict-aliasing -Wmissing-prototypes -Wstrict-prototypes -pedantic -Wduplicated-cond -Wduplicated-branches -Wlogical-op -Wrestrict -Wnull-dereference -Wjump-misses-init -Wdouble-promotion -Wshadow -Wformat=2 -Wmisleading-indentation -fvisibility=hidden -DXML_ENABLE_VISIBILITY=1 -MT elements.o -MD -MP -MF .deps/elements.Tpo -c -o elements.o elements.c
mv -f .deps/elements.Tpo .deps/elements.Po
/bin/bash ../libtool  --tag=CC   --mode=link gcc  -g -O2 -Wall -Wextra -fexceptions -fno-strict-aliasing -Wmissing-prototypes -Wstrict-prototypes -pedantic -Wduplicated-cond -Wduplicated-branches -Wlogical-op -Wrestrict -Wnull-dereference -Wjump-misses-init -Wdouble-promotion -Wshadow -Wformat=2 -Wmisleading-indentation -fvisibility=hidden -DXML_ENABLE_VISIBILITY=1  -fno-strict-aliasing -o elements elements.o ../lib/libexpat.la 
libtool: link: gcc -g -O2 -Wall -Wextra -fexceptions -fno-strict-aliasing -Wmissing-prototypes -Wstrict-prototypes -pedantic -Wduplicated-cond -Wduplicated-branches -Wlogical-op -Wrestrict -Wnull-dereference -Wjump-misses-init -Wdouble-promotion -Wshadow -Wformat=2 -Wmisleading-indentation -fvisibility=hidden -DXML_ENABLE_VISIBILITY=1 -fno-strict-aliasing -o .libs/elements elements.o  ../lib/.libs/libexpat.so -Wl,-rpath -Wl,/opt/expat/lib
gcc -DHAVE_CONFIG_H -I. -I..  -I./../lib -DHAVE_EXPAT_CONFIG_H  -g -O2 -Wall -Wextra -fexceptions -fno-strict-aliasing -Wmissing-prototypes -Wstrict-prototypes -pedantic -Wduplicated-cond -Wduplicated-branches -Wlogical-op -Wrestrict -Wnull-dereference -Wjump-misses-init -Wdouble-promotion -Wshadow -Wformat=2 -Wmisleading-indentation -fvisibility=hidden -DXML_ENABLE_VISIBILITY=1 -MT outline.o -MD -MP -MF .deps/outline.Tpo -c -o outline.o outline.c
mv -f .deps/outline.Tpo .deps/outline.Po
/bin/bash ../libtool  --tag=CC   --mode=link gcc  -g -O2 -Wall -Wextra -fexceptions -fno-strict-aliasing -Wmissing-prototypes -Wstrict-prototypes -pedantic -Wduplicated-cond -Wduplicated-branches -Wlogical-op -Wrestrict -Wnull-dereference -Wjump-misses-init -Wdouble-promotion -Wshadow -Wformat=2 -Wmisleading-indentation -fvisibility=hidden -DXML_ENABLE_VISIBILITY=1  -fno-strict-aliasing -o outline outline.o ../lib/libexpat.la 
libtool: link: gcc -g -O2 -Wall -Wextra -fexceptions -fno-strict-aliasing -Wmissing-prototypes -Wstrict-prototypes -pedantic -Wduplicated-cond -Wduplicated-branches -Wlogical-op -Wrestrict -Wnull-dereference -Wjump-misses-init -Wdouble-promotion -Wshadow -Wformat=2 -Wmisleading-indentation -fvisibility=hidden -DXML_ENABLE_VISIBILITY=1 -fno-strict-aliasing -o .libs/outline outline.o  ../lib/.libs/libexpat.so -Wl,-rpath -Wl,/opt/expat/lib
make[2]: Leaving directory '/opt/expat/archive/source/expat-2.2.9/examples'
Making all in tests
make[2]: Entering directory '/opt/expat/archive/source/expat-2.2.9/tests'
Making all in .
make[3]: Entering directory '/opt/expat/archive/source/expat-2.2.9/tests'
gcc -DHAVE_CONFIG_H -I. -I..  -I./../lib -DHAVE_EXPAT_CONFIG_H  -g -O2 -Wall -Wextra -fexceptions -fno-strict-aliasing -Wmissing-prototypes -Wstrict-prototypes -pedantic -Wduplicated-cond -Wduplicated-branches -Wlogical-op -Wrestrict -Wnull-dereference -Wjump-misses-init -Wdouble-promotion -Wshadow -Wformat=2 -Wmisleading-indentation -fvisibility=hidden -DXML_ENABLE_VISIBILITY=1 -MT chardata.o -MD -MP -MF .deps/chardata.Tpo -c -o chardata.o chardata.c
mv -f .deps/chardata.Tpo .deps/chardata.Po
gcc -DHAVE_CONFIG_H -I. -I..  -I./../lib -DHAVE_EXPAT_CONFIG_H  -g -O2 -Wall -Wextra -fexceptions -fno-strict-aliasing -Wmissing-prototypes -Wstrict-prototypes -pedantic -Wduplicated-cond -Wduplicated-branches -Wlogical-op -Wrestrict -Wnull-dereference -Wjump-misses-init -Wdouble-promotion -Wshadow -Wformat=2 -Wmisleading-indentation -fvisibility=hidden -DXML_ENABLE_VISIBILITY=1 -MT structdata.o -MD -MP -MF .deps/structdata.Tpo -c -o structdata.o structdata.c
mv -f .deps/structdata.Tpo .deps/structdata.Po
gcc -DHAVE_CONFIG_H -I. -I..  -I./../lib -DHAVE_EXPAT_CONFIG_H  -g -O2 -Wall -Wextra -fexceptions -fno-strict-aliasing -Wmissing-prototypes -Wstrict-prototypes -pedantic -Wduplicated-cond -Wduplicated-branches -Wlogical-op -Wrestrict -Wnull-dereference -Wjump-misses-init -Wdouble-promotion -Wshadow -Wformat=2 -Wmisleading-indentation -fvisibility=hidden -DXML_ENABLE_VISIBILITY=1 -MT memcheck.o -MD -MP -MF .deps/memcheck.Tpo -c -o memcheck.o memcheck.c
mv -f .deps/memcheck.Tpo .deps/memcheck.Po
gcc -DHAVE_CONFIG_H -I. -I..  -I./../lib -DHAVE_EXPAT_CONFIG_H  -g -O2 -Wall -Wextra -fexceptions -fno-strict-aliasing -Wmissing-prototypes -Wstrict-prototypes -pedantic -Wduplicated-cond -Wduplicated-branches -Wlogical-op -Wrestrict -Wnull-dereference -Wjump-misses-init -Wdouble-promotion -Wshadow -Wformat=2 -Wmisleading-indentation -fvisibility=hidden -DXML_ENABLE_VISIBILITY=1 -MT minicheck.o -MD -MP -MF .deps/minicheck.Tpo -c -o minicheck.o minicheck.c
mv -f .deps/minicheck.Tpo .deps/minicheck.Po
rm -f libruntests.a
ar cru libruntests.a chardata.o structdata.o memcheck.o minicheck.o 
ar: `u' modifier ignored since `D' is the default (see `U')
ranlib libruntests.a
make[3]: Leaving directory '/opt/expat/archive/source/expat-2.2.9/tests'
Making all in benchmark
make[3]: Entering directory '/opt/expat/archive/source/expat-2.2.9/tests/benchmark'
gcc -DHAVE_CONFIG_H -I. -I../..  -I./../../lib -DHAVE_EXPAT_CONFIG_H  -g -O2 -Wall -Wextra -fexceptions -fno-strict-aliasing -Wmissing-prototypes -Wstrict-prototypes -pedantic -Wduplicated-cond -Wduplicated-branches -Wlogical-op -Wrestrict -Wnull-dereference -Wjump-misses-init -Wdouble-promotion -Wshadow -Wformat=2 -Wmisleading-indentation -fvisibility=hidden -DXML_ENABLE_VISIBILITY=1 -MT benchmark.o -MD -MP -MF .deps/benchmark.Tpo -c -o benchmark.o benchmark.c
mv -f .deps/benchmark.Tpo .deps/benchmark.Po
/bin/bash ../../libtool  --tag=CC   --mode=link gcc  -g -O2 -Wall -Wextra -fexceptions -fno-strict-aliasing -Wmissing-prototypes -Wstrict-prototypes -pedantic -Wduplicated-cond -Wduplicated-branches -Wlogical-op -Wrestrict -Wnull-dereference -Wjump-misses-init -Wdouble-promotion -Wshadow -Wformat=2 -Wmisleading-indentation -fvisibility=hidden -DXML_ENABLE_VISIBILITY=1  -fno-strict-aliasing -o benchmark benchmark.o ../../lib/libexpat.la 
libtool: link: gcc -g -O2 -Wall -Wextra -fexceptions -fno-strict-aliasing -Wmissing-prototypes -Wstrict-prototypes -pedantic -Wduplicated-cond -Wduplicated-branches -Wlogical-op -Wrestrict -Wnull-dereference -Wjump-misses-init -Wdouble-promotion -Wshadow -Wformat=2 -Wmisleading-indentation -fvisibility=hidden -DXML_ENABLE_VISIBILITY=1 -fno-strict-aliasing -o .libs/benchmark benchmark.o  ../../lib/.libs/libexpat.so -Wl,-rpath -Wl,/opt/expat/lib
make[3]: Leaving directory '/opt/expat/archive/source/expat-2.2.9/tests/benchmark'
make[2]: Leaving directory '/opt/expat/archive/source/expat-2.2.9/tests'
Making all in xmlwf
make[2]: Entering directory '/opt/expat/archive/source/expat-2.2.9/xmlwf'
gcc -DHAVE_CONFIG_H -I. -I..  -I./../lib  -DHAVE_EXPAT_CONFIG_H  -g -O2 -Wall -Wextra -fexceptions -fno-strict-aliasing -Wmissing-prototypes -Wstrict-prototypes -pedantic -Wduplicated-cond -Wduplicated-branches -Wlogical-op -Wrestrict -Wnull-dereference -Wjump-misses-init -Wdouble-promotion -Wshadow -Wformat=2 -Wmisleading-indentation -fvisibility=hidden -DXML_ENABLE_VISIBILITY=1 -MT xmlwf-xmlwf.o -MD -MP -MF .deps/xmlwf-xmlwf.Tpo -c -o xmlwf-xmlwf.o `test -f 'xmlwf.c' || echo './'`xmlwf.c
mv -f .deps/xmlwf-xmlwf.Tpo .deps/xmlwf-xmlwf.Po
gcc -DHAVE_CONFIG_H -I. -I..  -I./../lib  -DHAVE_EXPAT_CONFIG_H  -g -O2 -Wall -Wextra -fexceptions -fno-strict-aliasing -Wmissing-prototypes -Wstrict-prototypes -pedantic -Wduplicated-cond -Wduplicated-branches -Wlogical-op -Wrestrict -Wnull-dereference -Wjump-misses-init -Wdouble-promotion -Wshadow -Wformat=2 -Wmisleading-indentation -fvisibility=hidden -DXML_ENABLE_VISIBILITY=1 -MT xmlwf-xmlfile.o -MD -MP -MF .deps/xmlwf-xmlfile.Tpo -c -o xmlwf-xmlfile.o `test -f 'xmlfile.c' || echo './'`xmlfile.c
mv -f .deps/xmlwf-xmlfile.Tpo .deps/xmlwf-xmlfile.Po
gcc -DHAVE_CONFIG_H -I. -I..  -I./../lib  -DHAVE_EXPAT_CONFIG_H  -g -O2 -Wall -Wextra -fexceptions -fno-strict-aliasing -Wmissing-prototypes -Wstrict-prototypes -pedantic -Wduplicated-cond -Wduplicated-branches -Wlogical-op -Wrestrict -Wnull-dereference -Wjump-misses-init -Wdouble-promotion -Wshadow -Wformat=2 -Wmisleading-indentation -fvisibility=hidden -DXML_ENABLE_VISIBILITY=1 -MT xmlwf-codepage.o -MD -MP -MF .deps/xmlwf-codepage.Tpo -c -o xmlwf-codepage.o `test -f 'codepage.c' || echo './'`codepage.c
mv -f .deps/xmlwf-codepage.Tpo .deps/xmlwf-codepage.Po
gcc -DHAVE_CONFIG_H -I. -I..  -I./../lib  -DHAVE_EXPAT_CONFIG_H  -g -O2 -Wall -Wextra -fexceptions -fno-strict-aliasing -Wmissing-prototypes -Wstrict-prototypes -pedantic -Wduplicated-cond -Wduplicated-branches -Wlogical-op -Wrestrict -Wnull-dereference -Wjump-misses-init -Wdouble-promotion -Wshadow -Wformat=2 -Wmisleading-indentation -fvisibility=hidden -DXML_ENABLE_VISIBILITY=1 -MT xmlwf-unixfilemap.o -MD -MP -MF .deps/xmlwf-unixfilemap.Tpo -c -o xmlwf-unixfilemap.o `test -f 'unixfilemap.c' || echo './'`unixfilemap.c
mv -f .deps/xmlwf-unixfilemap.Tpo .deps/xmlwf-unixfilemap.Po
/bin/bash ../libtool  --tag=CC   --mode=link gcc  -g -O2 -Wall -Wextra -fexceptions -fno-strict-aliasing -Wmissing-prototypes -Wstrict-prototypes -pedantic -Wduplicated-cond -Wduplicated-branches -Wlogical-op -Wrestrict -Wnull-dereference -Wjump-misses-init -Wdouble-promotion -Wshadow -Wformat=2 -Wmisleading-indentation -fvisibility=hidden -DXML_ENABLE_VISIBILITY=1  -fno-strict-aliasing -o xmlwf xmlwf-xmlwf.o xmlwf-xmlfile.o xmlwf-codepage.o xmlwf-unixfilemap.o ../lib/libexpat.la 
libtool: link: gcc -g -O2 -Wall -Wextra -fexceptions -fno-strict-aliasing -Wmissing-prototypes -Wstrict-prototypes -pedantic -Wduplicated-cond -Wduplicated-branches -Wlogical-op -Wrestrict -Wnull-dereference -Wjump-misses-init -Wdouble-promotion -Wshadow -Wformat=2 -Wmisleading-indentation -fvisibility=hidden -DXML_ENABLE_VISIBILITY=1 -fno-strict-aliasing -o .libs/xmlwf xmlwf-xmlwf.o xmlwf-xmlfile.o xmlwf-codepage.o xmlwf-unixfilemap.o  ../lib/.libs/libexpat.so -Wl,-rpath -Wl,/opt/expat/lib
make[2]: Leaving directory '/opt/expat/archive/source/expat-2.2.9/xmlwf'
Making all in doc
make[2]: Entering directory '/opt/expat/archive/source/expat-2.2.9/doc'
make[2]: Nothing to be done for 'all'.
make[2]: Leaving directory '/opt/expat/archive/source/expat-2.2.9/doc'
make[2]: Entering directory '/opt/expat/archive/source/expat-2.2.9'
make[2]: Leaving directory '/opt/expat/archive/source/expat-2.2.9'
make[1]: Leaving directory '/opt/expat/archive/source/expat-2.2.9'
