â¯ make install 2>../make_install.log 1>&2
Making install in lib
make[1]: Entering directory '/opt/expat/archive/source/expat-2.2.9/lib'
make[2]: Entering directory '/opt/expat/archive/source/expat-2.2.9/lib'
 /usr/bin/mkdir -p '/opt/expat/lib'
 /bin/bash ../libtool   --mode=install /usr/bin/install -c   libexpat.la '/opt/expat/lib'
libtool: install: /usr/bin/install -c .libs/libexpat.so.1.6.11 /opt/expat/lib/libexpat.so.1.6.11
libtool: install: (cd /opt/expat/lib && { ln -s -f libexpat.so.1.6.11 libexpat.so.1 || { rm -f libexpat.so.1 && ln -s libexpat.so.1.6.11 libexpat.so.1; }; })
libtool: install: (cd /opt/expat/lib && { ln -s -f libexpat.so.1.6.11 libexpat.so || { rm -f libexpat.so && ln -s libexpat.so.1.6.11 libexpat.so; }; })
libtool: install: /usr/bin/install -c .libs/libexpat.lai /opt/expat/lib/libexpat.la
libtool: install: /usr/bin/install -c .libs/libexpat.a /opt/expat/lib/libexpat.a
libtool: install: chmod 644 /opt/expat/lib/libexpat.a
libtool: install: ranlib /opt/expat/lib/libexpat.a
libtool: finish: PATH="/opt/shadowsocks/bin:/opt/openssl/bin:/opt/asciidoc/bin:/opt/apr/bin:/root/.local/bin:/usr/games:/usr/local/bin:/usr/local/sbin:/usr/sbin:/usr/bin:/sbin:/bin:/sbin" ldconfig -n /opt/expat/lib
----------------------------------------------------------------------
Libraries have been installed in:
   /opt/expat/lib

If you ever happen to want to link against installed libraries
in a given directory, LIBDIR, you must either use libtool, and
specify the full pathname of the library, or use the '-LLIBDIR'
flag during linking and do at least one of the following:
   - add LIBDIR to the 'LD_LIBRARY_PATH' environment variable
     during execution
   - add LIBDIR to the 'LD_RUN_PATH' environment variable
     during linking
   - use the '-Wl,-rpath -Wl,LIBDIR' linker flag
   - have your system administrator add LIBDIR to '/etc/ld.so.conf'

See any operating system documentation about shared libraries for
more information, such as the ld(1) and ld.so(8) manual pages.
----------------------------------------------------------------------
 /usr/bin/mkdir -p '/opt/expat/share/doc/expat'
 /usr/bin/install -c -m 644 ../AUTHORS ../Changes '/opt/expat/share/doc/expat'
 /usr/bin/mkdir -p '/opt/expat/include'
 /usr/bin/install -c -m 644 ../expat_config.h expat.h expat_external.h '/opt/expat/include'
make  install-data-hook
make[3]: Entering directory '/opt/expat/archive/source/expat-2.2.9/lib'
cd "/opt/expat/share/doc/expat" && mv -f Changes changelog
make[3]: Leaving directory '/opt/expat/archive/source/expat-2.2.9/lib'
make[2]: Leaving directory '/opt/expat/archive/source/expat-2.2.9/lib'
make[1]: Leaving directory '/opt/expat/archive/source/expat-2.2.9/lib'
Making install in examples
make[1]: Entering directory '/opt/expat/archive/source/expat-2.2.9/examples'
make[2]: Entering directory '/opt/expat/archive/source/expat-2.2.9/examples'
make[2]: Nothing to be done for 'install-exec-am'.
make[2]: Nothing to be done for 'install-data-am'.
make[2]: Leaving directory '/opt/expat/archive/source/expat-2.2.9/examples'
make[1]: Leaving directory '/opt/expat/archive/source/expat-2.2.9/examples'
Making install in tests
make[1]: Entering directory '/opt/expat/archive/source/expat-2.2.9/tests'
Making install in .
make[2]: Entering directory '/opt/expat/archive/source/expat-2.2.9/tests'
make[3]: Entering directory '/opt/expat/archive/source/expat-2.2.9/tests'
make[3]: Nothing to be done for 'install-exec-am'.
make[3]: Nothing to be done for 'install-data-am'.
make[3]: Leaving directory '/opt/expat/archive/source/expat-2.2.9/tests'
make[2]: Leaving directory '/opt/expat/archive/source/expat-2.2.9/tests'
Making install in benchmark
make[2]: Entering directory '/opt/expat/archive/source/expat-2.2.9/tests/benchmark'
make[3]: Entering directory '/opt/expat/archive/source/expat-2.2.9/tests/benchmark'
make[3]: Nothing to be done for 'install-exec-am'.
make[3]: Nothing to be done for 'install-data-am'.
make[3]: Leaving directory '/opt/expat/archive/source/expat-2.2.9/tests/benchmark'
make[2]: Leaving directory '/opt/expat/archive/source/expat-2.2.9/tests/benchmark'
make[1]: Leaving directory '/opt/expat/archive/source/expat-2.2.9/tests'
Making install in xmlwf
make[1]: Entering directory '/opt/expat/archive/source/expat-2.2.9/xmlwf'
make[2]: Entering directory '/opt/expat/archive/source/expat-2.2.9/xmlwf'
 /usr/bin/mkdir -p '/opt/expat/bin'
  /bin/bash ../libtool   --mode=install /usr/bin/install -c xmlwf '/opt/expat/bin'
libtool: install: /usr/bin/install -c .libs/xmlwf /opt/expat/bin/xmlwf
make[2]: Nothing to be done for 'install-data-am'.
make[2]: Leaving directory '/opt/expat/archive/source/expat-2.2.9/xmlwf'
make[1]: Leaving directory '/opt/expat/archive/source/expat-2.2.9/xmlwf'
Making install in doc
make[1]: Entering directory '/opt/expat/archive/source/expat-2.2.9/doc'
make[2]: Entering directory '/opt/expat/archive/source/expat-2.2.9/doc'
make[2]: Nothing to be done for 'install-exec-am'.
make[2]: Leaving directory '/opt/expat/archive/source/expat-2.2.9/doc'
make[1]: Leaving directory '/opt/expat/archive/source/expat-2.2.9/doc'
make[1]: Entering directory '/opt/expat/archive/source/expat-2.2.9'
make[2]: Entering directory '/opt/expat/archive/source/expat-2.2.9'
make[2]: Nothing to be done for 'install-exec-am'.
 /usr/bin/mkdir -p '/opt/expat/lib/pkgconfig'
 /usr/bin/install -c -m 644 expat.pc '/opt/expat/lib/pkgconfig'
make[2]: Leaving directory '/opt/expat/archive/source/expat-2.2.9'
make[1]: Leaving directory '/opt/expat/archive/source/expat-2.2.9'
